2014-09-23 11:10:09 Error: [MissingControllerException] Controller class MeigenController could not be found.
Exception Attributes: array (
  'class' => 'MeigenController',
  'plugin' => NULL,
)
Request URL: /meigen/user/
Stack Trace:
#0 /usr/share/nginx/html/meigen/user/webroot/index.php(100): Dispatcher->dispatch(Object(CakeRequest), Object(CakeResponse))
#1 {main}
2014-09-23 11:28:19 Error: [MissingControllerException] Controller class MeigenController could not be found.
Exception Attributes: array (
  'class' => 'MeigenController',
  'plugin' => NULL,
)
Request URL: /meigen/user/webroot
Stack Trace:
#0 /usr/share/nginx/html/meigen/user/webroot/index.php(100): Dispatcher->dispatch(Object(CakeRequest), Object(CakeResponse))
#1 {main}
2014-09-23 21:15:39 Error: [MissingControllerException] Controller class MeigenController could not be found.
Exception Attributes: array (
  'class' => 'MeigenController',
  'plugin' => NULL,
)
Request URL: /meigen/user/webroot/
Stack Trace:
#0 /usr/share/nginx/html/meigen/user/webroot/index.php(100): Dispatcher->dispatch(Object(CakeRequest), Object(CakeResponse))
#1 {main}
2014-09-23 21:15:48 Error: [MissingControllerException] Controller class MeigenController could not be found.
Exception Attributes: array (
  'class' => 'MeigenController',
  'plugin' => NULL,
)
Request URL: /meigen/user/
Stack Trace:
#0 /usr/share/nginx/html/meigen/user/webroot/index.php(100): Dispatcher->dispatch(Object(CakeRequest), Object(CakeResponse))
#1 {main}
2014-09-23 21:28:42 Error: [MissingControllerException] Controller class MeigenController could not be found.
Exception Attributes: array (
  'class' => 'MeigenController',
  'plugin' => NULL,
)
Request URL: /meigen/user/
Stack Trace:
#0 /usr/share/nginx/html/meigen/user/webroot/index.php(100): Dispatcher->dispatch(Object(CakeRequest), Object(CakeResponse))
#1 {main}
2014-09-23 21:28:44 Error: [MissingControllerException] Controller class MeigenController could not be found.
Exception Attributes: array (
  'class' => 'MeigenController',
  'plugin' => NULL,
)
Request URL: /meigen
Stack Trace:
#0 /usr/share/nginx/html/meigen/user/webroot/index.php(100): Dispatcher->dispatch(Object(CakeRequest), Object(CakeResponse))
#1 {main}
2014-09-23 21:28:55 Error: [MissingControllerException] Controller class MeigenController could not be found.
Exception Attributes: array (
  'class' => 'MeigenController',
  'plugin' => NULL,
)
Request URL: /meigen/
Stack Trace:
#0 /usr/share/nginx/html/meigen/user/webroot/index.php(100): Dispatcher->dispatch(Object(CakeRequest), Object(CakeResponse))
#1 {main}
2014-09-23 21:28:56 Error: [MissingControllerException] Controller class MeigenController could not be found.
Exception Attributes: array (
  'class' => 'MeigenController',
  'plugin' => NULL,
)
Request URL: /meigen/user
Stack Trace:
#0 /usr/share/nginx/html/meigen/user/webroot/index.php(100): Dispatcher->dispatch(Object(CakeRequest), Object(CakeResponse))
#1 {main}
2014-09-23 21:38:21 Error: [MissingControllerException] Controller class MeigenController could not be found.
Exception Attributes: array (
  'class' => 'MeigenController',
  'plugin' => NULL,
)
Request URL: /meigen/user
Stack Trace:
#0 /usr/share/nginx/html/meigen/user/webroot/index.php(100): Dispatcher->dispatch(Object(CakeRequest), Object(CakeResponse))
#1 {main}
